<?xml version="1.0" encoding="UTF-8"?>
<!-- Generated by org.testng.reporters.JUnitReportReporter -->
<testsuite hostname="LAPTOP-LKSARKNG" failures="0" tests="1" name="testng.ToClickOnRadio" time="3.032" errors="0" timestamp="2026-04-28T22:31:51 IST" skipped="0">
  <testcase classname="testng.ToClickOnRadio" name="clickonradiobutton" time="3.032">
    <system-out>
      <![CDATA[Excellent is clicked]]>
    </system-out>
  </testcase> <!-- clickonradiobutton -->
  <system-out>
    <![CDATA[Excellent is clicked]]>
  </system-out>
</testsuite> <!-- testng.ToClickOnRadio -->
