<?xml version="1.0" encoding="UTF-8"?>
<!-- Generated by org.testng.reporters.JUnitReportReporter -->
<testsuite hostname="LAPTOP-LKSARKNG" failures="0" tests="1" name="testng.ConfigurationAnnotation" time="0.007" errors="0" timestamp="2026-04-28T11:47:06 IST" skipped="0">
  <testcase classname="testng.ConfigurationAnnotation" name="test" time="0.007">
    <system-out>
      <![CDATA[test is executing]]>
    </system-out>
  </testcase> <!-- test -->
  <system-out>
    <![CDATA[before suite is executed
before test is executing
before class is executing
beforemethod is executing
test is executing
aftermethod is executing
afterclass is executing
after test is executing
after suite is executing]]>
  </system-out>
</testsuite> <!-- testng.ConfigurationAnnotation -->
