<?xml version="1.0" encoding="UTF-8"?>
<!-- Generated by org.testng.reporters.JUnitReportReporter -->
<testsuite hostname="LAPTOP-LKSARKNG" failures="0" tests="1" name="testng.ToClickOnGiftCards" time="4.061" errors="0" timestamp="2026-04-28T22:21:06 IST" skipped="0">
  <testcase classname="testng.ToClickOnGiftCards" name="clickongiftcards" time="4.061">
    <system-out>
      <![CDATA[GiftCArd is displayed]]>
    </system-out>
  </testcase> <!-- clickongiftcards -->
  <system-out>
    <![CDATA[GiftCArd is displayed]]>
  </system-out>
</testsuite> <!-- testng.ToClickOnGiftCards -->
