<?xml version="1.0" encoding="UTF-8"?>
<!-- Generated by org.testng.reporters.JUnitReportReporter -->
<testsuite hostname="LAPTOP-LKSARKNG" failures="0" tests="1" name="testng.ToClickOnShoes" time="4.045" errors="0" timestamp="2026-04-28T22:09:44 IST" skipped="0">
  <testcase classname="testng.ToClickOnShoes" name="clickshoes" time="4.045">
    <system-out>
      <![CDATA[Shoes is displayed]]>
    </system-out>
  </testcase> <!-- clickshoes -->
  <system-out>
    <![CDATA[Shoes is displayed]]>
  </system-out>
</testsuite> <!-- testng.ToClickOnShoes -->
