<?xml version="1.0" encoding="UTF-8"?>
<!-- Generated by org.testng.reporters.JUnitReportReporter -->
<testsuite hostname="LAPTOP-LKSARKNG" failures="0" tests="1" name="testng.Ford" time="8.625" errors="0" timestamp="2026-04-28T09:28:40 IST" skipped="0">
  <testcase classname="testng.Ford" name="launch" time="8.625">
    <system-out>
      <![CDATA[Mustang is launching soon in India]]>
    </system-out>
  </testcase> <!-- launch -->
  <system-out>
    <![CDATA[Welcomepage is displayed
Ev cars is launching
Mustang is launching soon in India
BMW is launching new model soon]]>
  </system-out>
</testsuite> <!-- testng.Ford -->
