<?xml version="1.0" encoding="UTF-8"?>
<!-- Generated by org.testng.reporters.JUnitReportReporter -->
<testsuite hostname="LAPTOP-LKSARKNG" failures="0" tests="1" name="testng.ToClickOnDigitalDownloads" time="3.936" errors="0" timestamp="2026-04-28T22:24:09 IST" skipped="0">
  <testcase classname="testng.ToClickOnDigitalDownloads" name="clickondigitaldownloads" time="3.936">
    <system-out>
      <![CDATA[DigitalDownload is displayed]]>
    </system-out>
  </testcase> <!-- clickondigitaldownloads -->
  <system-out>
    <![CDATA[DigitalDownload is displayed]]>
  </system-out>
</testsuite> <!-- testng.ToClickOnDigitalDownloads -->
