<?xml version="1.0" encoding="UTF-8"?>
<!-- Generated by org.testng.reporters.JUnitReportReporter -->
<testsuite hostname="LAPTOP-LKSARKNG" failures="0" tests="1" name="testng.ToLearnHardAssert" time="5.802" errors="0" timestamp="2026-04-29T09:39:00 IST" skipped="0">
  <testcase classname="testng.ToLearnHardAssert" name="login" time="5.802">
    <system-out>
      <![CDATA[Loginpage]]>
    </system-out>
  </testcase> <!-- login -->
  <system-out>
    <![CDATA[Loginpage]]>
  </system-out>
</testsuite> <!-- testng.ToLearnHardAssert -->
