<?xml version="1.0" encoding="UTF-8"?>
<!-- Generated by org.testng.reporters.JUnitReportReporter -->
<testsuite hostname="LAPTOP-LKSARKNG" failures="0" tests="1" name="testng.ToClickOnElectronics" time="4.448" errors="0" timestamp="2026-04-28T22:12:53 IST" skipped="0">
  <testcase classname="testng.ToClickOnElectronics" name="clickonelectronics" time="4.448">
    <system-out>
      <![CDATA[electronics is displayed]]>
    </system-out>
  </testcase> <!-- clickonelectronics -->
  <system-out>
    <![CDATA[electronics is displayed]]>
  </system-out>
</testsuite> <!-- testng.ToClickOnElectronics -->
