<?xml version="1.0" encoding="UTF-8"?>
<!-- Generated by org.testng.reporters.JUnitReportReporter -->
<testsuite hostname="LAPTOP-LKSARKNG" failures="0" tests="1" name="testng.BMW" time="5.471" errors="0" timestamp="2026-04-28T11:04:59 IST" skipped="0">
  <testcase classname="testng.BMW" name="launch" time="5.471">
    <system-out>
      <![CDATA[BMW is launching new model soon]]>
    </system-out>
  </testcase> <!-- launch -->
  <system-out>
    <![CDATA[Welcomepage is displayed
Ev cars is launching
BMW is launching new model soon]]>
  </system-out>
</testsuite> <!-- testng.BMW -->
