<?xml version="1.0" encoding="UTF-8"?>
<!-- Generated by org.testng.reporters.JUnitReportReporter -->
<testsuite hostname="LAPTOP-LKSARKNG" failures="0" tests="1" name="testng.Demo" time="4.040" errors="0" timestamp="2026-04-28T13:12:38 IST" skipped="0">
  <testcase classname="testng.Demo" name="launch" time="4.040">
    <system-out>
      <![CDATA[Welcomepage is displayed]]>
    </system-out>
  </testcase> <!-- launch -->
  <system-out>
    <![CDATA[Welcomepage is displayed]]>
  </system-out>
</testsuite> <!-- testng.Demo -->
