<?xml version="1.0" encoding="UTF-8"?>
<!-- Generated by org.testng.reporters.JUnitReportReporter -->
<testsuite hostname="LAPTOP-LKSARKNG" failures="0" tests="1" name="testng.ToClickOnBooks" time="7.396" errors="0" timestamp="2026-04-28T22:06:55 IST" skipped="0">
  <testcase classname="testng.ToClickOnBooks" name="clickonbooks" time="7.396">
    <system-out>
      <![CDATA[books page is displayed]]>
    </system-out>
  </testcase> <!-- clickonbooks -->
  <system-out>
    <![CDATA[books page is displayed]]>
  </system-out>
</testsuite> <!-- testng.ToClickOnBooks -->
