<?xml version="1.0" encoding="UTF-8"?>
<!-- Generated by org.testng.reporters.JUnitReportReporter -->
<testsuite hostname="LAPTOP-LKSARKNG" failures="0" tests="3" name="testng.AnnotationAttributes" time="11.397" errors="0" timestamp="2026-04-27T11:33:51 IST" skipped="0">
  <testcase classname="testng.AnnotationAttributes" name="login" time="3.762">
    <system-out>
      <![CDATA[loginpage is displayed]]>
    </system-out>
  </testcase> <!-- login -->
  <testcase classname="testng.AnnotationAttributes" name="register" time="3.357">
    <system-out>
      <![CDATA[registerpage is displayed]]>
    </system-out>
  </testcase> <!-- register -->
  <testcase classname="testng.AnnotationAttributes" name="demo" time="4.278">
    <system-out>
      <![CDATA[Welcomepage is displayed]]>
    </system-out>
  </testcase> <!-- demo -->
  <system-out>
    <![CDATA[Welcomepage is displayed
registerpage is displayed
loginpage is displayed]]>
  </system-out>
</testsuite> <!-- testng.AnnotationAttributes -->
