<?xml version="1.0" encoding="UTF-8"?>
<!-- Generated by org.testng.reporters.JUnitReportReporter -->
<testsuite hostname="LAPTOP-LKSARKNG" failures="0" tests="1" name="testng.ToClickOnJewelry" time="4.551" errors="0" timestamp="2026-04-28T22:17:40 IST" skipped="0">
  <testcase classname="testng.ToClickOnJewelry" name="clickonjewelry" time="4.551">
    <system-out>
      <![CDATA[Jewelry is displayed]]>
    </system-out>
  </testcase> <!-- clickonjewelry -->
  <system-out>
    <![CDATA[Jewelry is displayed]]>
  </system-out>
</testsuite> <!-- testng.ToClickOnJewelry -->
