<?xml version="1.0" encoding="UTF-8"?>
<!-- Generated by org.testng.reporters.JUnitXMLReporter -->
<testsuite ignored="1" hostname="LAPTOP-LKSARKNG" failures="0" tests="3" name="Test" time="20.483" errors="0" timestamp="2026-04-28T11:04:58 IST">
  <testcase classname="testng.Demo" name="launch" time="4.99"/>
  <testcase classname="testng.Toyota" name="launch" time="9.94"/>
  <testcase classname="testng.BMW" name="launch" time="5.471"/>
  <testcase classname="testng.Ford" name="launch" time="0.0">
    <ignored/>
  </testcase> <!-- launch -->
</testsuite> <!-- Test -->
